<?xml version="1.0" encoding="UTF-8"?>
<testng-results ignored="0" total="1" passed="1" failed="0" skipped="0">
  <reporter-output>
  </reporter-output>
  <suite started-at="2022-07-23T21:37:42 AST" name="Default suite" finished-at="2022-07-23T21:37:47 AST" duration-ms="4957">
    <groups>
    </groups>
    <test started-at="2022-07-23T21:37:42 AST" name="Default test" finished-at="2022-07-23T21:37:47 AST" duration-ms="4957">
      <class name="ChromeTesting.ChromeWebDriver">
        <test-method signature="chrom()[pri:0, instance:ChromeTesting.ChromeWebDriver@d83da2e]" started-at="2022-07-23T21:37:42 AST" name="chrom" finished-at="2022-07-23T21:37:47 AST" duration-ms="4936" status="PASS">
          <reporter-output>
          </reporter-output>
        </test-method> <!-- chrom -->
      </class> <!-- ChromeTesting.ChromeWebDriver -->
    </test> <!-- Default test -->
  </suite> <!-- Default suite -->
</testng-results>
